<?xml version="1.0" encoding="utf-8"?><testsuites name="pytest tests"><testsuite name="pytest" errors="0" failures="0" skipped="0" tests="18" time="3.350" timestamp="2026-09-10T14:29:39.965416+00:00" hostname="agent-env-60fb72f6-9a0b-4a69-93b3-14cb73de1f95"><testcase classname="tests.test_moontir_regression" name="test_health" time="0.271" /><testcase classname="tests.test_moontir_regression" name="test_services_public" time="0.063" /><testcase classname="tests.test_moontir_regression" name="test_quote_shine_sedan_no_surcharge" time="0.072" /><testcase classname="tests.test_moontir_regression" name="test_quote_shine_suv_surcharge" time="0.060" /><testcase classname="tests.test_moontir_regression" name="test_quote_invalid_service" time="0.063" /><testcase classname="tests.test_moontir_regression" name="test_patch_me_updates_name" time="0.436" /><testcase classname="tests.test_moontir_regression" name="test_patch_me_requires_auth" time="0.075" /><testcase classname="tests.test_moontir_regression" name="test_vehicle_create_types[Sedan]" time="0.075" /><testcase classname="tests.test_moontir_regression" name="test_vehicle_create_types[MPV]" time="0.065" /><testcase classname="tests.test_moontir_regression" name="test_vehicle_create_types[SUV]" time="0.072" /><testcase classname="tests.test_moontir_regression" name="test_vehicle_create_types[Pickup]" time="0.062" /><testcase classname="tests.test_moontir_regression" name="test_vehicle_create_types[Truck]" time="0.064" /><testcase classname="tests.test_moontir_regression" name="test_vehicles_list" time="0.072" /><testcase classname="tests.test_moontir_regression" name="test_order_with_suv_applies_surcharge" time="0.184" /><testcase classname="tests.test_moontir_regression" name="test_order_sedan_no_surcharge" time="0.145" /><testcase classname="tests.test_moontir_regression" name="test_geocode_query_validation" time="0.108" /><testcase classname="tests.test_moontir_regression" name="test_geocode_and_reverse" time="1.017" /><testcase classname="tests.test_moontir_regression" name="test_login_wrong_password_401" time="0.060" /></testsuite></testsuites>