<?xml version="1.0" encoding="utf-8"?><testsuites name="pytest tests"><testsuite name="pytest" errors="0" failures="0" skipped="0" tests="2" time="1.503" timestamp="2026-09-10T07:39:11.218334+00:00" hostname="agent-env-60fb72f6-9a0b-4a69-93b3-14cb73de1f95"><testcase classname="tests.test_moontir_regression" name="test_public_and_authenticated_core_flow" time="0.931" /><testcase classname="tests.test_moontir_regression" name="test_geocode_validation_and_auth_failure" time="0.266" /></testsuite></testsuites>